<?xml version="1.0" encoding="UTF-8"?><testsuite errors="1" failures="0" name="Create a new ORG" skipped="0" tests="1" time="22.01" timestamp="2019-08-20 01:34:23"><testcase name="Should Salesforce signup page allows to fill out the information required"><error message="Timed out after 2 seconds. Element not found&#10;For documentation on this error, please visit: https://www.seleniumhq.org/exceptions/no_such_element.html&#10;Build info: version: '3.141.59', revision: 'e82be7d358', time: '2018-11-14T08:17:03'&#10;System info: host: 'DESKTOP-8A8PSFU', ip: '192.168.1.70', os.name: 'Windows 10', os.arch: 'amd64', os.version: '10.0', java.version: '12.0.1'&#10;Driver info: driver.version: unknown&#10;For documentation on this error, please visit: https://www.seleniumhq.org/exceptions/no_such_element.html&#10;Build info: version: '3.141.59', revision: 'e82be7d358', time: '2018-11-14T08:17:03'&#10;System info: host: 'DESKTOP-8A8PSFU', ip: '192.168.1.70', os.name: 'Windows 10', os.arch: 'amd64', os.version: '10.0', java.version: '12.0.1'&#10;Driver info: driver.version: unknown" type="org.openqa.selenium.NoSuchElementException">Timed out after 2 seconds. Element not found
For documentation on this error, please visit: https://www.seleniumhq.org/exceptions/no_such_element.html
Build info: version: '3.141.59', revision: 'e82be7d358', time: '2018-11-14T08:17:03'
System info: host: 'DESKTOP-8A8PSFU', ip: '192.168.1.70', os.name: 'Windows 10', os.arch: 'amd64', os.version: '10.0', java.version: '12.0.1'
Driver info: driver.version: unknown
For documentation on this error, please visit: https://www.seleniumhq.org/exceptions/no_such_element.html
Build info: version: '3.141.59', revision: 'e82be7d358', time: '2018-11-14T08:17:03'
System info: host: 'DESKTOP-8A8PSFU', ip: '192.168.1.70', os.name: 'Windows 10', os.arch: 'amd64', os.version: '10.0', java.version: '12.0.1'
Driver info: driver.version: unknown</error><system-err>Timed out after 2 seconds. Element not found
For documentation on this error, please visit: https://www.seleniumhq.org/exceptions/no_such_element.html
Build info: version: '3.141.59', revision: 'e82be7d358', time: '2018-11-14T08:17:03'
System info: host: 'DESKTOP-8A8PSFU', ip: '192.168.1.70', os.name: 'Windows 10', os.arch: 'amd64', os.version: '10.0', java.version: '12.0.1'
Driver info: driver.version: unknown
For documentation on this error, please visit: https://www.seleniumhq.org/exceptions/no_such_element.html
Build info: version: '3.141.59', revision: 'e82be7d358', time: '2018-11-14T08:17:03'
System info: host: 'DESKTOP-8A8PSFU', ip: '192.168.1.70', os.name: 'Windows 10', os.arch: 'amd64', os.version: '10.0', java.version: '12.0.1'
Driver info: driver.version: unknown&#13;
pages.OrgSignUpScreen.setFill_LastName(OrgSignUpScreen.java:46)&#13;
steps.com.SignUpData.setOrgDataFromSpreadSheet(SignUpData.java:30)&#13;
steps.base.signup.OrgSignUpSteps.setDataOrg(OrgSignUpSteps.java:14)&#13;
stepsdefinitions.signup.SignupStepDefinitions.fillOrgData(SignupStepDefinitions.java:20)&#13;
✽.I fill in the information(src/test/resources/com/features/signup/signup.feature:8)&#13;
</system-err></testcase></testsuite>