<?xml version="1.0" encoding="UTF-8"?><testsuite errors="1" failures="0" name="Set Custom Object Data" skipped="0" tests="2" time="117.51" timestamp="2019-08-20 02:06:06"><testcase name="Add Field"><error message="Index 9 out of bounds for length 9" type="java.lang.IndexOutOfBoundsException">Index 9 out of bounds for length 9</error><system-err>Index 9 out of bounds for length 9&#13;
steps.com.FieldData.setDataField(FieldData.java:38)&#13;
steps.base.objectmanager.CustomField.fillFieldData(CustomField.java:25)&#13;
stepsdefinitions.objectmanager.ObjectStepDefinitons.submitFieldInfo(ObjectStepDefinitons.java:42)&#13;
✽.I submit the field information(src/test/resources/com/features/objectmanager/objectmanager.feature:13)&#13;
</system-err></testcase><testcase name="Add Js Button"/></testsuite>