<?xml version="1.0" encoding="UTF-8"?><testsuite errors="1" failures="1" name="Set Custom Object Data" skipped="0" tests="2" time="182.18" timestamp="2019-08-22 02:38:58"><testcase name="Add Field"><failure message="Expected enabled element was not enabled&#10;Build info: version: '3.141.59', revision: 'e82be7d358', time: '2018-11-14T08:17:03'&#10;System info: host: 'SORTUNO-LTW4', ip: '10.33.3.156', os.name: 'Windows 10', os.arch: 'amd64', os.version: '10.0', java.version: '12.0.1'&#10;Driver info: driver.version: unknown" type="net.thucydides.core.webdriver.exceptions.ElementShouldBeEnabledException">Expected enabled element was not enabled
Build info: version: '3.141.59', revision: 'e82be7d358', time: '2018-11-14T08:17:03'
System info: host: 'SORTUNO-LTW4', ip: '10.33.3.156', os.name: 'Windows 10', os.arch: 'amd64', os.version: '10.0', java.version: '12.0.1'
Driver info: driver.version: unknown</failure><system-err>Expected enabled element was not enabled
Build info: version: '3.141.59', revision: 'e82be7d358', time: '2018-11-14T08:17:03'
System info: host: 'SORTUNO-LTW4', ip: '10.33.3.156', os.name: 'Windows 10', os.arch: 'amd64', os.version: '10.0', java.version: '12.0.1'
Driver info: driver.version: unknown&#13;
pages.CustomFieldPage.setClick_Save(CustomFieldPage.java:274)&#13;
steps.com.FieldData.setDataField(FieldData.java:57)&#13;
steps.base.objectmanager.CustomField.fillFieldData(CustomField.java:25)&#13;
stepsdefinitions.objectmanager.ObjectStepDefinitons.submitFieldInfo(ObjectStepDefinitons.java:46)&#13;
✽.I submit the field information(src/test/resources/com/features/objectmanager/objectmanager.feature:13)&#13;
</system-err></testcase><testcase name="Add Js Button"><error message="Could not instantiate new WebDriver instance of type class org.openqa.selenium.firefox.FirefoxDriver (permission denied&#10;Build info: version: '3.141.59', revision: 'e82be7d358', time: '2018-11-14T08:17:03'&#10;System info: host: 'SORTUNO-LTW4', ip: '10.33.3.156', os.name: 'Windows 10', os.arch: 'amd64', os.version: '10.0', java.version: '12.0.1'&#10;Driver info: driver.version: ProvideNewDriver&#10;remote stacktrace: ). See below for more details." type="net.thucydides.core.webdriver.DriverConfigurationError">Could not instantiate new WebDriver instance of type class org.openqa.selenium.firefox.FirefoxDriver (permission denied
Build info: version: '3.141.59', revision: 'e82be7d358', time: '2018-11-14T08:17:03'
System info: host: 'SORTUNO-LTW4', ip: '10.33.3.156', os.name: 'Windows 10', os.arch: 'amd64', os.version: '10.0', java.version: '12.0.1'
Driver info: driver.version: ProvideNewDriver
remote stacktrace: ). See below for more details.</error><system-err>Could not instantiate new WebDriver instance of type class org.openqa.selenium.firefox.FirefoxDriver (permission denied
Build info: version: '3.141.59', revision: 'e82be7d358', time: '2018-11-14T08:17:03'
System info: host: 'SORTUNO-LTW4', ip: '10.33.3.156', os.name: 'Windows 10', os.arch: 'amd64', os.version: '10.0', java.version: '12.0.1'
Driver info: driver.version: ProvideNewDriver
remote stacktrace: ). See below for more details.&#13;
steps.base.login.LoginSteps.openLoginPage(LoginSteps.java:19)&#13;
stepsdefinitions.objectmanager.ObjectStepDefinitons.getLoginPage(ObjectStepDefinitons.java:23)&#13;
cucumber.runner.Runner.runPickle(Runner.java:80)&#13;
</system-err></testcase></testsuite>